<?xml version="1.0" encoding="UTF-8"?>
<!-- Generated by org.testng.reporters.JUnitReportReporter -->
<testsuite hostname="DESKTOP-MQR7M4D" failures="0" tests="1" name="newframework.SampleTest" time="5.488" errors="0" timestamp="2021-11-11T16:19:29 IST" skipped="0">
  <testcase classname="newframework.SampleTest" name="sampleEmailEntryTest" time="5.488"/>
  <system-out/>
</testsuite> <!-- newframework.SampleTest -->
